{"numTotalTestSuites":49,"numPassedTestSuites":44,"numFailedTestSuites":5,"numPendingTestSuites":0,"numTotalTests":153,"numPassedTests":151,"numFailedTests":2,"numPendingTests":0,"numTodoTests":0,"snapshot":{"added":0,"failure":false,"filesAdded":0,"filesRemoved":0,"filesRemovedList":[],"filesUnmatched":0,"filesUpdated":0,"matched":0,"total":0,"unchecked":0,"uncheckedKeysByFile":[],"unmatched":0,"updated":0,"didUpdate":false},"startTime":1751781300745,"success":false,"testResults":[{"assertionResults":[{"ancestorTitles":["SaveLoadMenu"],"fullName":"SaveLoadMenu renders save/load menu with title","status":"passed","title":"renders save/load menu with title","duration":84.06724399999985,"failureMessages":[],"meta":{}},{"ancestorTitles":["SaveLoadMenu"],"fullName":"SaveLoadMenu displays save current game section when gameState exists","status":"passed","title":"displays save current game section when gameState exists","duration":24.413438000000042,"failureMessages":[],"meta":{}},{"ancestorTitles":["SaveLoadMenu"],"fullName":"SaveLoadMenu does not display save section when gameState is null","status":"passed","title":"does not display save section when gameState is null","duration":23.28749800000014,"failureMessages":[],"meta":{}},{"ancestorTitles":["SaveLoadMenu"],"fullName":"SaveLoadMenu enables save button only when save name is entered","status":"passed","title":"enables save button only when save name is entered","duration":36.392657999999756,"failureMessages":[],"meta":{}},{"ancestorTitles":["SaveLoadMenu"],"fullName":"SaveLoadMenu saves game to localStorage when save button is clicked","status":"passed","title":"saves game to localStorage when save button is clicked","duration":45.272227000000385,"failureMessages":[],"meta":{}},{"ancestorTitles":["SaveLoadMenu"],"fullName":"SaveLoadMenu displays \"No saved games found\" when localStorage is empty","status":"passed","title":"displays \"No saved games found\" when localStorage is empty","duration":32.43299699999989,"failureMessages":[],"meta":{}},{"ancestorTitles":["SaveLoadMenu"],"fullName":"SaveLoadMenu loads saved games from localStorage","status":"passed","title":"loads saved games from localStorage","duration":50.95520699999997,"failureMessages":[],"meta":{}},{"ancestorTitles":["SaveLoadMenu"],"fullName":"SaveLoadMenu loads selected game when load button is clicked","status":"passed","title":"loads selected game when load button is clicked","duration":50.30508699999973,"failureMessages":[],"meta":{}},{"ancestorTitles":["SaveLoadMenu"],"fullName":"SaveLoadMenu allows saving game with Enter key","status":"failed","title":"allows saving game with Enter key","duration":1049.6183890000002,"failureMessages":["AssertionError: expected \"spy\" to be called at least once\n\nIgnored nodes: comments, script, style\n\u001b[36m<html>\u001b[39m\n  \u001b[36m<head />\u001b[39m\n  \u001b[36m<body>\u001b[39m\n    \u001b[36m<div>\u001b[39m\n      \u001b[36m<div\u001b[39m\n        \u001b[33mclass\u001b[39m=\u001b[32m\"fixed inset-0 bg-black/80 backdrop-blur-sm flex items-center justify-center z-50 pointer-events-auto\"\u001b[39m\n      \u001b[36m>\u001b[39m\n        \u001b[36m<div\u001b[39m\n          \u001b[33mclass\u001b[39m=\u001b[32m\"rounded-xl border text-card-foreground shadow w-[700px] max-h-[80vh] overflow-hidden bg-slate-900 border-slate-600\"\u001b[39m\n        \u001b[36m>\u001b[39m\n          \u001b[36m<div\u001b[39m\n            \u001b[33mclass\u001b[39m=\u001b[32m\"flex flex-col space-y-1.5 p-6\"\u001b[39m\n          \u001b[36m>\u001b[39m\n            \u001b[36m<div\u001b[39m\n              \u001b[33mclass\u001b[39m=\u001b[32m\"flex items-center justify-between\"\u001b[39m\n            \u001b[36m>\u001b[39m\n              \u001b[36m<div\u001b[39m\n                \u001b[33mclass\u001b[39m=\u001b[32m\"font-semibold leading-none tracking-tight flex items-center gap-3 text-white font-cinzel\"\u001b[39m\n              \u001b[36m>\u001b[39m\n                \u001b[36m<svg\u001b[39m\n                  \u001b[33mclass\u001b[39m=\u001b[32m\"lucide lucide-save w-6 h-6 text-blue-400\"\u001b[39m\n                  \u001b[33mfill\u001b[39m=\u001b[32m\"none\"\u001b[39m\n                  \u001b[33mheight\u001b[39m=\u001b[32m\"24\"\u001b[39m\n                  \u001b[33mstroke\u001b[39m=\u001b[32m\"currentColor\"\u001b[39m\n                  \u001b[33mstroke-linecap\u001b[39m=\u001b[32m\"round\"\u001b[39m\n                  \u001b[33mstroke-linejoin\u001b[39m=\u001b[32m\"round\"\u001b[39m\n                  \u001b[33mstroke-width\u001b[39m=\u001b[32m\"2\"\u001b[39m\n                  \u001b[33mviewBox\u001b[39m=\u001b[32m\"0 0 24 24\"\u001b[39m\n                  \u001b[33mwidth\u001b[39m=\u001b[32m\"24\"\u001b[39m\n                  \u001b[33mxmlns\u001b[39m=\u001b[32m\"http://www.w3.org/2000/svg\"\u001b[39m\n                \u001b[36m>\u001b[39m\n                  \u001b[36m<path\u001b[39m\n                    \u001b[33md\u001b[39m=\u001b[32m\"M15.2 3a2 2 0 0 1 1.4.6l3.8 3.8a2 2 0 0 1 .6 1.4V19a2 2 0 0 1-2 2H5a2 2 0 0 1-2-2V5a2 2 0 0 1 2-2z\"\u001b[39m\n                  \u001b[36m/>\u001b[39m\n                  \u001b[36m<path\u001b[39m\n                    \u001b[33md\u001b[39m=\u001b[32m\"M17 21v-7a1 1 0 0 0-1-1H8a1 1 0 0 0-1 1v7\"\u001b[39m\n                  \u001b[36m/>\u001b[39m\n                  \u001b[36m<path\u001b[39m\n                    \u001b[33md\u001b[39m=\u001b[32m\"M7 3v4a1 1 0 0 0 1 1h7\"\u001b[39m\n                  \u001b[36m/>\u001b[39m\n                \u001b[36m</svg>\u001b[39m\n                \u001b[0mSave & Load Game\u001b[0m\n              \u001b[36m</div>\u001b[39m\n              \u001b[36m<button\u001b[39m\n                \u001b[33mclass\u001b[39m=\u001b[32m\"inline-flex items-center justify-center gap-2 whitespace-nowrap rounded-md text-sm font-medium transition-colors focus-visible:outline-none focus-visible:ring-1 focus-visible:ring-ring disabled:pointer-events-none disabled:opacity-50 [&_svg]:pointer-events-none [&_svg]:size-4 [&_svg]:shrink-0 border bg-background shadow-sm hover:text-accent-foreground h-9 w-9 border-slate-600 text-slate-400 hover:bg-slate-700\"\u001b[39m\n              \u001b[36m>\u001b[39m\n                \u001b[36m<svg\u001b[39m\n                  \u001b[33mclass\u001b[39m=\u001b[32m\"lucide lucide-x w-4 h-4\"\u001b[39m\n                  \u001b[33mfill\u001b[39m=\u001b[32m\"none\"\u001b[39m\n                  \u001b[33mheight\u001b[39m=\u001b[32m\"24\"\u001b[39m\n                  \u001b[33mstroke\u001b[39m=\u001b[32m\"currentColor\"\u001b[39m\n                  \u001b[33mstroke-linecap\u001b[39m=\u001b[32m\"round\"\u001b[39m\n                  \u001b[33mstroke-linejoin\u001b[39m=\u001b[32m\"round\"\u001b[39m\n                  \u001b[33mstroke-width\u001b[39m=\u001b[32m\"2\"\u001b[39m\n                  \u001b[33mviewBox\u001b[39m=\u001b[32m\"0 0 24 24\"\u001b[39m\n                  \u001b[33mwidth\u001b[39m=\u001b[32m\"24\"\u001b[39m\n                  \u001b[33mxmlns\u001b[39m=\u001b[32m\"http://www.w3.org/2000/svg\"\u001b[39m\n                \u001b[36m>\u001b[39m\n                  \u001b[36m<path\u001b[39m\n                    \u001b[33md\u001b[39m=\u001b[32m\"M18 6 6 18\"\u001b[39m\n                  \u001b[36m/>\u001b[39m\n                  \u001b[36m<path\u001b[39m\n                    \u001b[33md\u001b[39m=\u001b[32m\"m6 6 12 12\"\u001b[39m\n                  \u001b[36m/>\u001b[39m\n                \u001b[36m</svg>\u001b[39m\n              \u001b[36m</button>\u001b[39m\n            \u001b[36m</div>\u001b[39m\n          \u001b[36m</div>\u001b[39m\n          \u001b[36m<div\u001b[39m\n            \u001b[33mclass\u001b[39m=\u001b[32m\"p-6 pt-0 space-y-6\"\u001b[39m\n          \u001b[36m>\u001b[39m\n            \u001b[36m<div>\u001b[39m\n              \u001b[36m<h3\u001b[39m\n                \u001b[33mclass\u001b[39m=\u001b[32m\"text-lg font-semibold text-white mb-3 font-cinzel\"\u001b[39m\n              \u001b[36m>\u001b[39m\n                \u001b[0mSave Current Game\u001b[0m\n              \u001b[36m</h3>\u001b[39m\n              \u001b[36m<div\u001b[39m\n                \u001b[33mclass\u001b[39m=\u001b[32m\"flex gap-2\"\u001b[39m\n              \u001b[36m>\u001b[39m\n                \u001b[36m<input\u001b[39m\n                  \u001b[33mclass\u001b[39m=\u001b[32m\"flex h-9 w-full rounded-md border px-3 py-1 text-base shadow-sm transition-colors file:border-0 file:bg-transparent file:text-sm file:font-medium file:text-foreground placeholder:text-muted-foreground focus-visible:outline-none focus-visible:ring-1 focus-visible:ring-ring disabled:cursor-not-allowed disabled:opacity-50 md:text-sm flex-1 bg-slate-800 border-slate-600 text-white\"\u001b[39m\n                  \u001b[33mplaceholder\u001b[39m=\u001b[32m\"Enter save name...\"\u001b[39m\n                  \u001b[33mvalue\u001b[39m=\u001b[32m\"Test Save\"\u001b[39m\n                \u001b[36m/>\u001b[39m\n                \u001b[36m<button\u001b[39m\n                  \u001b[33mclass\u001b[39m=\u001b[32m\"inline-flex items-center justify-center gap-2 whitespace-nowrap rounded-md text-sm font-medium transition-colors focus-visible:outline-none focus-visible:ring-1 focus-visible:ring-ring disabled:pointer-events-none disabled:opacity-50 [&_svg]:pointer-events-none [&_svg]:size-4 [&_svg]:shrink-0 text-primary-foreground shadow h-9 px-4 py-2 bg-blue-600 hover:bg-blue-700\"\u001b[39m\n                \u001b[36m>\u001b[39m\n                  \u001b[36m<svg\u001b[39m\n                    \u001b[33mclass\u001b[39m=\u001b[32m\"lucide lucide-save w-4 h-4 mr-2\"\u001b[39m\n                    \u001b[33mfill\u001b[39m=\u001b[32m\"none\"\u001b[39m\n                    \u001b[33mheight\u001b[39m=\u001b[32m\"24\"\u001b[39m\n                    \u001b[33mstroke\u001b[39m=\u001b[32m\"currentColor\"\u001b[39m\n                    \u001b[33mstroke-linecap\u001b[39m=\u001b[32m\"round\"\u001b[39m\n                    \u001b[33mstroke-linejoin\u001b[39m=\u001b[32m\"round\"\u001b[39m\n                    \u001b[33mstroke-width\u001b[39m=\u001b[32m\"2\"\u001b[39m\n                    \u001b[33mviewBox\u001b[39m=\u001b[32m\"0 0 24 24\"\u001b[39m\n                    \u001b[33mwidth\u001b[39m=\u001b[32m\"24\"\u001b[39m\n                    \u001b[33mxmlns\u001b[39m=\u001b[32m\"http://www.w3.org/2000/svg\"\u001b[39m\n                  \u001b[36m>\u001b[39m\n                    \u001b[36m<path\u001b[39m\n                      \u001b[33md\u001b[39m=\u001b[32m\"M15.2 3a2 2 0 0 1 1.4.6l3.8 3.8a2 2 0 0 1 .6 1.4V19a2 2 0 0 1-2 2H5a2 2 0 0 1-2-2V5a2 2 0 0 1 2-2z\"\u001b[39m\n                    \u001b[36m/>\u001b[39m\n                    \u001b[36m<path\u001b[39m\n                      \u001b[33md\u001b[39m=\u001b[32m\"M17 21v-7a1 1 0 0 0-1-1H8a1 1 0 0 0-1 1v7\"\u001b[39m\n                    \u001b[36m/>\u001b[39m\n                    \u001b[36m<path\u001b[39m\n                      \u001b[33md\u001b[39m=\u001b[32m\"M7 3v4a1 1 0 0 0 1 1h7\"\u001b[39m\n                    \u001b[36m/>\u001b[39m\n                  \u001b[36m</svg>\u001b[39m\n                  \u001b[0mSave\u001b[0m\n                \u001b[36m</button>\u001b[39m\n              \u001b[36m</div>\u001b[39m\n            \u001b[36m</div>\u001b[39m\n            \u001b[36m<div\u001b[39m\n              \u001b[33mclass\u001b[39m=\u001b[32m\"shrink-0 h-[1px] w-full bg-slate-700\"\u001b[39m\n              \u001b[33mdata-orientation\u001b[39m=\u001b[32m\"horizontal\"\u001b[39m\n              \u001b[33mrole\u001b[39m=\u001b[32m\"none\"\u001b[39m\n            \u001b[36m/>\u001b[39m\n            \u001b[36m<div>\u001b[39m\n              \u001b[36m<h3\u001b[39m\n                \u001b[33mclass\u001b[39m=\u001b[32m\"text-lg font-semibold text-white mb-3 font-cinzel\"\u001b[39m\n              \u001b[36m>\u001b[39m\n                \u001b[0mImport/Export\u001b[0m\n              \u001b[36m</h3>\u001b[39m\n              \u001b[36m<div\u001b[39m\n                \u001b[33mclass\u001b[39m=\u001b[32m\"flex gap-2\"\u001b[39m\n              \u001b[36m>\u001b[39m\n                \u001b[36m<input\u001b[39m\n                  \u001b[33maccept\u001b[39m=\u001b[32m\".json\"\u001b[39m\n                  \u001b[33mclass\u001b[39m=\u001b[32m\"hidden\"\u001b[39m\n                  \u001b[33mid\u001b[39m=\u001b[32m\"import-save\"\u001b[39m\n                  \u001b[33mtype\u001b[39m=\u001b[32m\"file\"\u001b[39m\n                \u001b[36m/>\u001b[39m\n                \u001b[36m<button\u001b[39m\n                  \u001b[33mclass\u001b[39m=\u001b[32m\"inline-flex items-center justify-center gap-2 whitespace-nowrap rounded-md text-sm font-medium transition-colors focus-visible:outline-none focus-visible:ring-1 focus-visible:ring-ring disabled:pointer-events-none disabled:opacity-50 [&_svg]:pointer-events-none [&_svg]:size-4 [&_svg]:shrink-0 border bg-background shadow-sm hover:bg-accent hover:text-accent-foreground h-9 px-4 py-2 border-slate-600 text-slate-300\"\u001b[39m\n                \u001b[36m>\u001b[39m\n                  \u001b[36m<svg\u001b[39m\n                    \u001b[33mclass\u001b[39m=\u001b[32m\"lucide lucide-upload w-4 h-4 mr-2\"\u001b[39m\n                    \u001b[33mfill\u001b[39m=\u001b[32m\"none\"\u001b[39m\n                    \u001b[33mheight\u001b[39m=\u001b[32m\"24\"\u001b[39m\n                    \u001b[33mstroke\u001b[39m=\u001b[32m\"currentColor\"\u001b[39m\n                    \u001b[33mstroke-linecap\u001b[39m=\u001b[32m\"round\"\u001b[39m\n                    \u001b[33mstroke-linejoin\u001b[39m=\u001b[32m\"round\"\u001b[39m\n                    \u001b[33mstroke-width\u001b[39m=\u001b[32m\"2\"\u001b[39m\n                    \u001b[33mviewBox\u001b[39m=\u001b[32m\"0 0 24 24\"\u001b[39m\n                    \u001b[33mwidth\u001b[39m=\u001b[32m\"24\"\u001b[39m\n                    \u001b[33mxmlns\u001b[39m=\u001b[32m\"http://www.w3.org/2000/svg\"\u001b[39m\n                  \u001b[36m>\u001b[39m\n                    \u001b[36m<path\u001b[39m\n                      \u001b[33md\u001b[39m=\u001b[32m\"M21 15v4a2 2 0 0 1-2 2H5a2 2 0 0 1-2-2v-4\"\u001b[39m\n                    \u001b[36m/>\u001b[39m\n                    \u001b[36m<polyline\u001b[39m\n                      \u001b[33mpoints\u001b[39m=\u001b[32m\"17 8 12 3 7 8\"\u001b[39m\n                    \u001b[36m/>\u001b[39m\n                    \u001b[36m<line\u001b[39m\n                      \u001b[33mx1\u001b[39m=\u001b[32m\"12\"\u001b[39m\n                      \u001b[33mx2\u001b[39m=\u001b[32m\"12\"\u001b[39m\n                      \u001b[33my1\u001b[39m=\u001b[32m\"3\"\u001b[39m\n                      \u001b[33my2\u001b[39m=\u001b[32m\"15\"\u001b[39m\n                    \u001b[36m/>\u001b[39m\n                  \u001b[36m</svg>\u001b[39m\n                  \u001b[0mImport Save\u001b[0m\n                \u001b[36m</button>\u001b[39m\n              \u001b[36m</div>\u001b[39m\n            \u001b[36m</div>\u001b[39m\n            \u001b[36m<div\u001b[39m\n              \u001b[33mclass\u001b[39m=\u001b[32m\"shrink-0 h-[1px] w-full bg-slate-700\"\u001b[39m\n              \u001b[33mdata-orientation\u001b[39m=\u001b[32m\"horizontal\"\u001b[39m\n              \u001b[33mrole\u001b[39m=\u001b[32m\"none\"\u001b[39m\n            \u001b[36m/>\u001b[39m\n            \u001b[36m<div>\u001b[39m\n              \u001b[36m<h3\u001b[39m\n                \u001b[33mclass\u001b[39m=\u001b[32m\"text-lg font-semibold text-white mb-3 font-cinzel\"\u001b[39m\n              \u001b[36m>\u001b[39m\n                \u001b[0mSaved Games\u001b[0m\n              \u001b[36m</h3>\u001b[39m\n              \u001b[36m<div\u001b[39m\n                \u001b[33mclass\u001b[39m=\u001b[32m\"text-center py-8\"\u001b[39m\n              \u001b[36m>\u001b[39m\n                \u001b[36m<svg\u001b[39m\n                  \u001b[33mclass\u001b[39m=\u001b[32m\"lucide lucide-folder-open w-12 h-12 text-slate-600 mx-auto mb-2\"\u001b[39m\n                  \u001b[33mfill\u001b[39m=\u001b[32m\"none\"\u001b[39m\n                  \u001b[33mheight\u001b[39m=\u001b[32m\"24\"\u001b[39m\n                  \u001b[33mstroke\u001b[39m=\u001b[32m\"currentColor\"\u001b[39m\n                  \u001b[33mstroke-linecap\u001b[39m=\u001b[32m\"round\"\u001b[39m\n                  \u001b[33mstroke-linejoin\u001b[39m=\u001b[32m\"round\"\u001b[39m\n                  \u001b[33mstroke-width\u001b[39m=\u001b[32m\"2\"\u001b[39m\n                  \u001b[33mviewBox\u001b[39m=\u001b[32m\"0 0 24 24\"\u001b[39m\n                  \u001b[33mwidth\u001b[39m=\u001b[32m\"24\"\u001b[39m\n                  \u001b[33mxmlns\u001b[39m=\u001b[32m\"http://www.w3.org/2000/svg\"\u001b[39m\n                \u001b[36m>\u001b[39m\n                  \u001b[36m<path\u001b[39m\n                    \u001b[33md\u001b[39m=\u001b[32m\"m6 14 1.5-2.9A2 2 0 0 1 9.24 10H20a2 2 0 0 1 1.94 2.5l-1.54 6a2 2 0 0 1-1.95 1.5H4a2 2 0 0 1-2-2V5a2 2 0 0 1 2-2h3.9a2 2 0 0 1 1.69.9l.81 1.2a2 2 0 0 0 1.67.9H18a2 2 0 0 1 2 2v2\"\u001b[39m\n                  \u001b[36m/>\u001b[39m\n                \u001b[36m</svg>\u001b[39m\n                \u001b[36m<p\u001b[39m\n                  \u001b[33mclass\u001b[39m=\u001b[32m\"text-slate-400\"\u001b[39m\n                \u001b[36m>\u001b[39m\n                  \u001b[0mNo saved games found\u001b[0m\n                \u001b[36m</p>\u001b[39m\n              \u001b[36m</div>\u001b[39m\n            \u001b[36m</div>\u001b[39m\n          \u001b[36m</div>\u001b[39m\n        \u001b[36m</div>\u001b[39m\n      \u001b[36m</div>\u001b[39m\n    \u001b[36m</div>\u001b[39m\n  \u001b[36m</body>\u001b[39m\n\u001b[36m</html>\u001b[39m\n    at Proxy.<anonymous> (file:///home/runner/workspace/node_modules/@vitest/expect/dist/index.js:1335:10)\n    at Proxy.<anonymous> (file:///home/runner/workspace/node_modules/@vitest/expect/dist/index.js:1029:14)\n    at Proxy.methodWrapper (file:///home/runner/workspace/node_modules/chai/chai.js:1618:25)\n    at /home/runner/workspace/shared/components/SaveLoadMenu.test.tsx:218:40\n    at runWithExpensiveErrorDiagnosticsDisabled (/home/runner/workspace/node_modules/@testing-library/dom/dist/config.js:47:12)\n    at checkCallback (/home/runner/workspace/node_modules/@testing-library/dom/dist/wait-for.js:124:77)\n    at Timeout.checkRealTimersCallback (/home/runner/workspace/node_modules/@testing-library/dom/dist/wait-for.js:118:16)\n    at listOnTimeout (node:internal/timers:581:17)\n    at processTimers (node:internal/timers:519:7)"],"meta":{}},{"ancestorTitles":["SaveLoadMenu"],"fullName":"SaveLoadMenu shows import/export section","status":"passed","title":"shows import/export section","duration":31.64462800000001,"failureMessages":[],"meta":{}},{"ancestorTitles":["SaveLoadMenu"],"fullName":"SaveLoadMenu shows export button only when save is selected","status":"passed","title":"shows export button only when save is selected","duration":30.103407999999945,"failureMessages":[],"meta":{}},{"ancestorTitles":["SaveLoadMenu"],"fullName":"SaveLoadMenu deletes save when delete button is clicked","status":"passed","title":"deletes save when delete button is clicked","duration":142.7951210000001,"failureMessages":[],"meta":{}},{"ancestorTitles":["SaveLoadMenu"],"fullName":"SaveLoadMenu handles corrupt save data gracefully","status":"passed","title":"handles corrupt save data gracefully","duration":45.759806999999455,"failureMessages":[],"meta":{}},{"ancestorTitles":["SaveLoadMenu"],"fullName":"SaveLoadMenu closes menu when close button is clicked","status":"passed","title":"closes menu when close button is clicked","duration":58.90028600000005,"failureMessages":[],"meta":{}}],"startTime":1751781304711,"endTime":1751781306417.9004,"status":"failed","message":"","name":"/home/runner/workspace/shared/components/SaveLoadMenu.test.tsx"},{"assertionResults":[{"ancestorTitles":["UnitActionsPanel"],"fullName":"UnitActionsPanel renders unit actions panel with unit info","status":"passed","title":"renders unit actions panel with unit info","duration":65.6436450000001,"failureMessages":[],"meta":{}},{"ancestorTitles":["UnitActionsPanel"],"fullName":"UnitActionsPanel displays worker-specific actions","status":"passed","title":"displays worker-specific actions","duration":39.31010799999967,"failureMessages":[],"meta":{}},{"ancestorTitles":["UnitActionsPanel"],"fullName":"UnitActionsPanel displays scout-specific actions","status":"passed","title":"displays scout-specific actions","duration":29.706788000000415,"failureMessages":[],"meta":{}},{"ancestorTitles":["UnitActionsPanel"],"fullName":"UnitActionsPanel displays missionary-specific actions","status":"passed","title":"displays missionary-specific actions","duration":34.30551800000012,"failureMessages":[],"meta":{}},{"ancestorTitles":["UnitActionsPanel"],"fullName":"UnitActionsPanel shows heal action for missionaries with sufficient faith","status":"passed","title":"shows heal action for missionaries with sufficient faith","duration":20.33124799999996,"failureMessages":[],"meta":{}},{"ancestorTitles":["UnitActionsPanel"],"fullName":"UnitActionsPanel disables actions when resources are insufficient","status":"passed","title":"disables actions when resources are insufficient","duration":21.249649000000318,"failureMessages":[],"meta":{}},{"ancestorTitles":["UnitActionsPanel"],"fullName":"UnitActionsPanel shows available actions with costs","status":"passed","title":"shows available actions with costs","duration":37.86590699999988,"failureMessages":[],"meta":{}},{"ancestorTitles":["UnitActionsPanel"],"fullName":"UnitActionsPanel handles action execution when button is clicked","status":"passed","title":"handles action execution when button is clicked","duration":36.42411800000036,"failureMessages":[],"meta":{}},{"ancestorTitles":["UnitActionsPanel"],"fullName":"UnitActionsPanel closes panel when close button is clicked","status":"passed","title":"closes panel when close button is clicked","duration":129.14107100000047,"failureMessages":[],"meta":{}},{"ancestorTitles":["UnitActionsPanel"],"fullName":"UnitActionsPanel displays different unit types correctly","status":"passed","title":"displays different unit types correctly","duration":39.21238799999992,"failureMessages":[],"meta":{}},{"ancestorTitles":["UnitActionsPanel"],"fullName":"UnitActionsPanel shows no actions message when unit has no available actions","status":"passed","title":"shows no actions message when unit has no available actions","duration":15.052118999999948,"failureMessages":[],"meta":{}},{"ancestorTitles":["UnitActionsPanel"],"fullName":"UnitActionsPanel handles unit actions for different unit types","status":"passed","title":"handles unit actions for different unit types","duration":17.206828999999743,"failureMessages":[],"meta":{}},{"ancestorTitles":["UnitActionsPanel"],"fullName":"UnitActionsPanel displays action requirements correctly","status":"passed","title":"displays action requirements correctly","duration":27.892468999999437,"failureMessages":[],"meta":{}},{"ancestorTitles":["UnitActionsPanel"],"fullName":"UnitActionsPanel handles special abilities based on unit type","status":"passed","title":"handles special abilities based on unit type","duration":21.289827999999943,"failureMessages":[],"meta":{}}],"startTime":1751781304577,"endTime":1751781305112.2898,"status":"passed","message":"","name":"/home/runner/workspace/shared/components/UnitActionsPanel.test.tsx"},{"assertionResults":[{"ancestorTitles":["VictoryScreen"],"fullName":"VictoryScreen renders victory screen with winner announcement","status":"passed","title":"renders victory screen with winner announcement","duration":142.197721,"failureMessages":[],"meta":{}},{"ancestorTitles":["VictoryScreen"],"fullName":"VictoryScreen displays correct victory type","status":"passed","title":"displays correct victory type","duration":53.74602700000014,"failureMessages":[],"meta":{}},{"ancestorTitles":["VictoryScreen"],"fullName":"VictoryScreen shows territorial victory correctly","status":"passed","title":"shows territorial victory correctly","duration":27.672088000000258,"failureMessages":[],"meta":{}},{"ancestorTitles":["VictoryScreen"],"fullName":"VictoryScreen displays player rankings","status":"passed","title":"displays player rankings","duration":50.25771699999996,"failureMessages":[],"meta":{}},{"ancestorTitles":["VictoryScreen"],"fullName":"VictoryScreen shows game statistics","status":"passed","title":"shows game statistics","duration":43.47362699999985,"failureMessages":[],"meta":{}},{"ancestorTitles":["VictoryScreen"],"fullName":"VictoryScreen calls onPlayAgain when Play Again button is clicked","status":"passed","title":"calls onPlayAgain when Play Again button is clicked","duration":57.1194459999997,"failureMessages":[],"meta":{}},{"ancestorTitles":["VictoryScreen"],"fullName":"VictoryScreen calls onMainMenu when Main Menu button is clicked","status":"passed","title":"calls onMainMenu when Main Menu button is clicked","duration":34.63238799999999,"failureMessages":[],"meta":{}},{"ancestorTitles":["VictoryScreen"],"fullName":"VictoryScreen displays elimination victory correctly","status":"passed","title":"displays elimination victory correctly","duration":39.11367700000028,"failureMessages":[],"meta":{}},{"ancestorTitles":["VictoryScreen"],"fullName":"VictoryScreen shows domination victory correctly","status":"passed","title":"shows domination victory correctly","duration":34.34731800000009,"failureMessages":[],"meta":{}},{"ancestorTitles":["VictoryScreen"],"fullName":"VictoryScreen displays winner stats correctly","status":"passed","title":"displays winner stats correctly","duration":37.80483700000059,"failureMessages":[],"meta":{}}],"startTime":1751781304589,"endTime":1751781305109.805,"status":"passed","message":"","name":"/home/runner/workspace/shared/components/VictoryScreen.test.tsx"},{"assertionResults":[{"ancestorTitles":["Factions"],"fullName":"Factions should have all six factions defined","status":"passed","title":"should have all six factions defined","duration":3.201119999999719,"failureMessages":[],"meta":{}},{"ancestorTitles":["Factions"],"fullName":"Factions should have complete faction data","status":"passed","title":"should have complete faction data","duration":2.3706999999999425,"failureMessages":[],"meta":{}},{"ancestorTitles":["Factions"],"fullName":"Factions should retrieve individual factions correctly","status":"passed","title":"should retrieve individual factions correctly","duration":0.3716999999996915,"failureMessages":[],"meta":{}},{"ancestorTitles":["Factions"],"fullName":"Factions should have unique colors for each faction","status":"passed","title":"should have unique colors for each faction","duration":0.1708800000001247,"failureMessages":[],"meta":{}},{"ancestorTitles":["Factions"],"fullName":"Factions should have valid faction abilities","status":"passed","title":"should have valid faction abilities","duration":3.991410000000087,"failureMessages":[],"meta":{}},{"ancestorTitles":["Factions"],"fullName":"Factions should have starting units defined","status":"passed","title":"should have starting units defined","duration":0.8451700000000528,"failureMessages":[],"meta":{}},{"ancestorTitles":["Factions"],"fullName":"Factions should have faction bonuses with proper structure","status":"passed","title":"should have faction bonuses with proper structure","duration":0.5240100000000893,"failureMessages":[],"meta":{}}],"startTime":1751781307293,"endTime":1751781307304.524,"status":"passed","message":"","name":"/home/runner/workspace/shared/data/factions.test.ts"},{"assertionResults":[{"ancestorTitles":["GameRules"],"fullName":"GameRules should have all required sections defined","status":"passed","title":"should have all required sections defined","duration":1.874849999999924,"failureMessages":[],"meta":{}},{"ancestorTitles":["GameRules"],"fullName":"GameRules should have reasonable victory thresholds","status":"passed","title":"should have reasonable victory thresholds","duration":0.39469999999982974,"failureMessages":[],"meta":{}},{"ancestorTitles":["GameRules"],"fullName":"GameRules should have positive resource generation values","status":"passed","title":"should have positive resource generation values","duration":0.22442999999998392,"failureMessages":[],"meta":{}},{"ancestorTitles":["GameRules"],"fullName":"GameRules should have valid unit stats","status":"passed","title":"should have valid unit stats","duration":0.334519999999884,"failureMessages":[],"meta":{}},{"ancestorTitles":["GameRules"],"fullName":"GameRules should have terrain movement costs defined","status":"passed","title":"should have terrain movement costs defined","duration":0.6792299999999614,"failureMessages":[],"meta":{}},{"ancestorTitles":["GameRules"],"fullName":"GameRules should have ability configuration values","status":"passed","title":"should have ability configuration values","duration":0.28930000000013933,"failureMessages":[],"meta":{}},{"ancestorTitles":["GameRules"],"fullName":"GameRules should have reasonable attack bonuses","status":"passed","title":"should have reasonable attack bonuses","duration":0.1582100000000537,"failureMessages":[],"meta":{}},{"ancestorTitles":["GameRules"],"fullName":"GameRules should have resource costs for abilities","status":"passed","title":"should have resource costs for abilities","duration":0.15105999999991582,"failureMessages":[],"meta":{}},{"ancestorTitles":["GameRuleHelpers"],"fullName":"GameRuleHelpers should calculate star income correctly","status":"passed","title":"should calculate star income correctly","duration":0.3549999999997908,"failureMessages":[],"meta":{}},{"ancestorTitles":["GameRuleHelpers"],"fullName":"GameRuleHelpers should check faith victory correctly","status":"passed","title":"should check faith victory correctly","duration":0.2081700000001092,"failureMessages":[],"meta":{}},{"ancestorTitles":["GameRuleHelpers"],"fullName":"GameRuleHelpers should check territorial victory correctly","status":"passed","title":"should check territorial victory correctly","duration":0.20133000000009815,"failureMessages":[],"meta":{}},{"ancestorTitles":["GameRuleHelpers"],"fullName":"GameRuleHelpers should calculate research cost with scaling","status":"passed","title":"should calculate research cost with scaling","duration":0.17523999999980333,"failureMessages":[],"meta":{}},{"ancestorTitles":["GameRuleHelpers"],"fullName":"GameRuleHelpers should return correct movement cost for terrain","status":"passed","title":"should return correct movement cost for terrain","duration":0.20714999999995598,"failureMessages":[],"meta":{}},{"ancestorTitles":["GameRuleHelpers"],"fullName":"GameRuleHelpers should identify passable terrain correctly","status":"passed","title":"should identify passable terrain correctly","duration":0.33017999999992753,"failureMessages":[],"meta":{}},{"ancestorTitles":["GameRuleHelpers"],"fullName":"GameRuleHelpers should return defense bonus for terrain","status":"passed","title":"should return defense bonus for terrain","duration":0.23713999999995394,"failureMessages":[],"meta":{}}],"startTime":1751781308104,"endTime":1751781308110.33,"status":"passed","message":"","name":"/home/runner/workspace/shared/data/gameRules.test.ts"},{"assertionResults":[{"ancestorTitles":["Unit Definitions"],"fullName":"Unit Definitions should have all unit types defined","status":"passed","title":"should have all unit types defined","duration":2.305439000000206,"failureMessages":[],"meta":{}},{"ancestorTitles":["Unit Definitions"],"fullName":"Unit Definitions should have complete unit stats","status":"passed","title":"should have complete unit stats","duration":5.851470000000063,"failureMessages":[],"meta":{}},{"ancestorTitles":["Unit Definitions"],"fullName":"Unit Definitions should retrieve unit definitions correctly","status":"passed","title":"should retrieve unit definitions correctly","duration":0.3904600000000755,"failureMessages":[],"meta":{}},{"ancestorTitles":["Unit Definitions"],"fullName":"Unit Definitions should have valid abilities arrays","status":"passed","title":"should have valid abilities arrays","duration":1.1789400000002388,"failureMessages":[],"meta":{}},{"ancestorTitles":["Unit Definitions"],"fullName":"Unit Definitions should have appropriate costs for different unit types","status":"passed","title":"should have appropriate costs for different unit types","duration":0.3360800000000381,"failureMessages":[],"meta":{}},{"ancestorTitles":["Unit Definitions"],"fullName":"Unit Definitions should filter units by faction correctly","status":"passed","title":"should filter units by faction correctly","duration":0.5211699999999837,"failureMessages":[],"meta":{}},{"ancestorTitles":["Unit Definitions"],"fullName":"Unit Definitions should have reasonable stat ranges","status":"passed","title":"should have reasonable stat ranges","duration":3.683379999999943,"failureMessages":[],"meta":{}},{"ancestorTitles":["Unit Definitions"],"fullName":"Unit Definitions should have proper tech requirements structure","status":"passed","title":"should have proper tech requirements structure","duration":0.28171999999995023,"failureMessages":[],"meta":{}}],"startTime":1751781306227,"endTime":1751781306241.2817,"status":"passed","message":"","name":"/home/runner/workspace/shared/data/units.test.ts"},{"assertionResults":[{"ancestorTitles":["Game Reducer","MOVE_UNIT action"],"fullName":"Game Reducer MOVE_UNIT action should move unit to valid adjacent tile","status":"passed","title":"should move unit to valid adjacent tile","duration":7.264159000000291,"failureMessages":[],"meta":{}},{"ancestorTitles":["Game Reducer","MOVE_UNIT action"],"fullName":"Game Reducer MOVE_UNIT action should not move unit beyond movement range","status":"passed","title":"should not move unit beyond movement range","duration":1.311909999999898,"failureMessages":[],"meta":{}},{"ancestorTitles":["Game Reducer","ATTACK_UNIT action"],"fullName":"Game Reducer ATTACK_UNIT action should deal damage in combat","status":"passed","title":"should deal damage in combat","duration":2.198750000000018,"failureMessages":[],"meta":{}},{"ancestorTitles":["Game Reducer","ATTACK_UNIT action"],"fullName":"Game Reducer ATTACK_UNIT action should remove unit when HP drops to 0 or below","status":"passed","title":"should remove unit when HP drops to 0 or below","duration":0.7586099999998623,"failureMessages":[],"meta":{}},{"ancestorTitles":["Game Reducer","END_TURN action"],"fullName":"Game Reducer END_TURN action should advance to next player","status":"passed","title":"should advance to next player","duration":0.6782499999999345,"failureMessages":[],"meta":{}},{"ancestorTitles":["Game Reducer","END_TURN action"],"fullName":"Game Reducer END_TURN action should reset unit movement","status":"passed","title":"should reset unit movement","duration":0.5425599999998667,"failureMessages":[],"meta":{}},{"ancestorTitles":["Game Reducer","END_TURN action"],"fullName":"Game Reducer END_TURN action should increment turn number when cycling back to first player","status":"passed","title":"should increment turn number when cycling back to first player","duration":0.29843999999957305,"failureMessages":[],"meta":{}},{"ancestorTitles":["Game Reducer","RESEARCH_TECH action"],"fullName":"Game Reducer RESEARCH_TECH action should add tech to researched list when player has enough stars","status":"passed","title":"should add tech to researched list when player has enough stars","duration":1.2412100000001374,"failureMessages":[],"meta":{}},{"ancestorTitles":["Game Reducer","RESEARCH_TECH action"],"fullName":"Game Reducer RESEARCH_TECH action should not allow research without sufficient stars","status":"passed","title":"should not allow research without sufficient stars","duration":0.4648699999997916,"failureMessages":[],"meta":{}},{"ancestorTitles":["Game Reducer","Invalid Actions"],"fullName":"Game Reducer Invalid Actions should not allow moving unit that does not belong to current player","status":"passed","title":"should not allow moving unit that does not belong to current player","duration":0.5945090000000164,"failureMessages":[],"meta":{}},{"ancestorTitles":["Game Reducer","Invalid Actions"],"fullName":"Game Reducer Invalid Actions should not allow attacking friendly units","status":"passed","title":"should not allow attacking friendly units","duration":0.5784000000003289,"failureMessages":[],"meta":{}},{"ancestorTitles":["Game Reducer","Invalid Actions"],"fullName":"Game Reducer Invalid Actions should handle actions for non-existent units gracefully","status":"passed","title":"should handle actions for non-existent units gracefully","duration":0.7485189999997601,"failureMessages":[],"meta":{}},{"ancestorTitles":["Game Reducer","Enhanced END_TURN tests"],"fullName":"Game Reducer Enhanced END_TURN tests should calculate and add star income correctly","status":"passed","title":"should calculate and add star income correctly","duration":0.6774199999999837,"failureMessages":[],"meta":{}},{"ancestorTitles":["Game Reducer","Enhanced END_TURN tests"],"fullName":"Game Reducer Enhanced END_TURN tests should reset unit movement for next player units","status":"passed","title":"should reset unit movement for next player units","duration":0.5263199999999415,"failureMessages":[],"meta":{}},{"ancestorTitles":["Game Reducer","Enhanced END_TURN tests"],"fullName":"Game Reducer Enhanced END_TURN tests should advance to next player correctly","status":"passed","title":"should advance to next player correctly","duration":0.31775000000016007,"failureMessages":[],"meta":{}},{"ancestorTitles":["Game Reducer","Complex Game Scenarios"],"fullName":"Game Reducer Complex Game Scenarios should handle full turn cycle with movement and combat","status":"passed","title":"should handle full turn cycle with movement and combat","duration":3.4192800000000716,"failureMessages":[],"meta":{}},{"ancestorTitles":["Game Reducer","Complex Game Scenarios"],"fullName":"Game Reducer Complex Game Scenarios should reject invalid moves at reducer level","status":"passed","title":"should reject invalid moves at reducer level","duration":1.4183200000002216,"failureMessages":[],"meta":{}},{"ancestorTitles":["Game Reducer","Complex Game Scenarios"],"fullName":"Game Reducer Complex Game Scenarios should handle multiple units and coordinate conflicts","status":"passed","title":"should handle multiple units and coordinate conflicts","duration":1.1806699999997363,"failureMessages":[],"meta":{}},{"ancestorTitles":["Game Reducer","Complex Game Scenarios"],"fullName":"Game Reducer Complex Game Scenarios should handle unit death and removal correctly","status":"passed","title":"should handle unit death and removal correctly","duration":0.68587000000025,"failureMessages":[],"meta":{}},{"ancestorTitles":["Game Reducer","State immutability"],"fullName":"Game Reducer State immutability should not mutate original state","status":"passed","title":"should not mutate original state","duration":2.3121900000001006,"failureMessages":[],"meta":{}}],"startTime":1751781306332,"endTime":1751781306360.3123,"status":"passed","message":"","name":"/home/runner/workspace/shared/logic/gameReducer.test.ts"},{"assertionResults":[{"ancestorTitles":["Unit Logic","isPassableForUnit"],"fullName":"Unit Logic isPassableForUnit should allow movement on plains","status":"passed","title":"should allow movement on plains","duration":2.6164200000002893,"failureMessages":[],"meta":{}},{"ancestorTitles":["Unit Logic","isPassableForUnit"],"fullName":"Unit Logic isPassableForUnit should allow movement on mountains","status":"passed","title":"should allow movement on mountains","duration":0.3247000000001208,"failureMessages":[],"meta":{}},{"ancestorTitles":["Unit Logic","isPassableForUnit"],"fullName":"Unit Logic isPassableForUnit should block movement on water","status":"passed","title":"should block movement on water","duration":0.3480899999999565,"failureMessages":[],"meta":{}},{"ancestorTitles":["Unit Logic","isPassableForUnit"],"fullName":"Unit Logic isPassableForUnit should block movement to tiles with enemy units","status":"passed","title":"should block movement to tiles with enemy units","duration":0.4125699999999597,"failureMessages":[],"meta":{}},{"ancestorTitles":["Unit Logic","isPassableForUnit"],"fullName":"Unit Logic isPassableForUnit should allow movement to tiles with friendly units","status":"passed","title":"should allow movement to tiles with friendly units","duration":0.33356000000003405,"failureMessages":[],"meta":{}},{"ancestorTitles":["Unit Logic","calculateReachableTiles"],"fullName":"Unit Logic calculateReachableTiles should return tiles within movement range","status":"passed","title":"should return tiles within movement range","duration":1.741240000000289,"failureMessages":[],"meta":{}},{"ancestorTitles":["Unit Logic","calculateReachableTiles"],"fullName":"Unit Logic calculateReachableTiles should respect movement limitations","status":"passed","title":"should respect movement limitations","duration":0.6801600000003418,"failureMessages":[],"meta":{}},{"ancestorTitles":["Unit Logic","calculateReachableTiles"],"fullName":"Unit Logic calculateReachableTiles should exclude impassable terrain","status":"passed","title":"should exclude impassable terrain","duration":0.5743399999996655,"failureMessages":[],"meta":{}},{"ancestorTitles":["Unit Logic","calculateReachableTiles"],"fullName":"Unit Logic calculateReachableTiles should return only current tile when unit has zero remaining movement","status":"passed","title":"should return only current tile when unit has zero remaining movement","duration":0.7592199999999139,"failureMessages":[],"meta":{}},{"ancestorTitles":["Unit Logic","calculateReachableTiles"],"fullName":"Unit Logic calculateReachableTiles should handle units with different movement ranges","status":"passed","title":"should handle units with different movement ranges","duration":0.5475500000002285,"failureMessages":[],"meta":{}},{"ancestorTitles":["Unit Logic","calculateReachableTiles"],"fullName":"Unit Logic calculateReachableTiles should handle units on map edges correctly","status":"passed","title":"should handle units on map edges correctly","duration":0.8150399999999536,"failureMessages":[],"meta":{}},{"ancestorTitles":["Unit Logic","canSelectUnit"],"fullName":"Unit Logic canSelectUnit should allow selecting own units","status":"passed","title":"should allow selecting own units","duration":0.26363999999966836,"failureMessages":[],"meta":{}},{"ancestorTitles":["Unit Logic","canSelectUnit"],"fullName":"Unit Logic canSelectUnit should not allow selecting enemy units","status":"passed","title":"should not allow selecting enemy units","duration":0.18170000000009168,"failureMessages":[],"meta":{}},{"ancestorTitles":["Unit Logic","canSelectUnit"],"fullName":"Unit Logic canSelectUnit should not allow selecting units when not current player","status":"passed","title":"should not allow selecting units when not current player","duration":0.4124299999998584,"failureMessages":[],"meta":{}},{"ancestorTitles":["Unit Logic","canUnitReachCoordinate"],"fullName":"Unit Logic canUnitReachCoordinate should return true for coordinates within movement range","status":"passed","title":"should return true for coordinates within movement range","duration":0.39190000000007785,"failureMessages":[],"meta":{}},{"ancestorTitles":["Unit Logic","canUnitReachCoordinate"],"fullName":"Unit Logic canUnitReachCoordinate should return false for coordinates beyond movement range","status":"passed","title":"should return false for coordinates beyond movement range","duration":0.20731999999998152,"failureMessages":[],"meta":{}},{"ancestorTitles":["Unit Logic","canUnitReachCoordinate"],"fullName":"Unit Logic canUnitReachCoordinate should return false for impassable coordinates","status":"passed","title":"should return false for impassable coordinates","duration":0.2087199999996301,"failureMessages":[],"meta":{}},{"ancestorTitles":["Unit Logic","getValidAttackTargets"],"fullName":"Unit Logic getValidAttackTargets should return enemy units within attack range","status":"passed","title":"should return enemy units within attack range","duration":1.7635699999996177,"failureMessages":[],"meta":{}},{"ancestorTitles":["Unit Logic","getValidAttackTargets"],"fullName":"Unit Logic getValidAttackTargets should not return enemy units outside attack range","status":"passed","title":"should not return enemy units outside attack range","duration":0.5564500000000407,"failureMessages":[],"meta":{}},{"ancestorTitles":["Unit Logic","getValidAttackTargets"],"fullName":"Unit Logic getValidAttackTargets should not return friendly units","status":"passed","title":"should not return friendly units","duration":0.49062999999978274,"failureMessages":[],"meta":{}},{"ancestorTitles":["Unit Logic","getValidAttackTargets"],"fullName":"Unit Logic getValidAttackTargets should find targets for ranged units at greater distances","status":"passed","title":"should find targets for ranged units at greater distances","duration":0.467670000000453,"failureMessages":[],"meta":{}},{"ancestorTitles":["Unit Logic","getValidAttackTargets"],"fullName":"Unit Logic getValidAttackTargets should not find targets beyond ranged unit attack range","status":"passed","title":"should not find targets beyond ranged unit attack range","duration":0.4560300000002826,"failureMessages":[],"meta":{}},{"ancestorTitles":["Unit Logic","getValidAttackTargets"],"fullName":"Unit Logic getValidAttackTargets should handle units with extended attack ranges correctly","status":"passed","title":"should handle units with extended attack ranges correctly","duration":1.61200000000008,"failureMessages":[],"meta":{}},{"ancestorTitles":["Unit Logic","getValidAttackTargets"],"fullName":"Unit Logic getValidAttackTargets should handle special unit types with different characteristics","status":"passed","title":"should handle special unit types with different characteristics","duration":0.3989000000001397,"failureMessages":[],"meta":{}},{"ancestorTitles":["Unit Logic","canUnitAttackTarget"],"fullName":"Unit Logic canUnitAttackTarget should allow attacking enemy units within range","status":"passed","title":"should allow attacking enemy units within range","duration":0.30727999999999156,"failureMessages":[],"meta":{}},{"ancestorTitles":["Unit Logic","canUnitAttackTarget"],"fullName":"Unit Logic canUnitAttackTarget should not allow attacking units outside range","status":"passed","title":"should not allow attacking units outside range","duration":0.1895299999996496,"failureMessages":[],"meta":{}},{"ancestorTitles":["Unit Logic","canUnitAttackTarget"],"fullName":"Unit Logic canUnitAttackTarget should not allow attacking friendly units","status":"passed","title":"should not allow attacking friendly units","duration":0.28090000000020154,"failureMessages":[],"meta":{}},{"ancestorTitles":["Unit Logic","isUnitVisibleToPlayer"],"fullName":"Unit Logic isUnitVisibleToPlayer should see own units","status":"passed","title":"should see own units","duration":0.17782000000033804,"failureMessages":[],"meta":{}},{"ancestorTitles":["Unit Logic","isUnitVisibleToPlayer"],"fullName":"Unit Logic isUnitVisibleToPlayer should see enemy units within vision range","status":"passed","title":"should see enemy units within vision range","duration":0.16217999999980748,"failureMessages":[],"meta":{}},{"ancestorTitles":["Unit Logic","isUnitVisibleToPlayer"],"fullName":"Unit Logic isUnitVisibleToPlayer should not see enemy units outside vision range","status":"passed","title":"should not see enemy units outside vision range","duration":0.1693399999999201,"failureMessages":[],"meta":{}},{"ancestorTitles":["Unit Logic","isUnitVisibleToPlayer"],"fullName":"Unit Logic isUnitVisibleToPlayer should see enemy units exactly at vision range boundary","status":"passed","title":"should see enemy units exactly at vision range boundary","duration":0.15895000000000437,"failureMessages":[],"meta":{}},{"ancestorTitles":["Unit Logic","getVisibleUnits"],"fullName":"Unit Logic getVisibleUnits should return all own units","status":"passed","title":"should return all own units","duration":4.711709000000155,"failureMessages":[],"meta":{}},{"ancestorTitles":["Unit Logic","getVisibleUnits"],"fullName":"Unit Logic getVisibleUnits should include enemy units within vision range","status":"passed","title":"should include enemy units within vision range","duration":1.0288500000001477,"failureMessages":[],"meta":{}},{"ancestorTitles":["Unit Logic","getVisibleUnits"],"fullName":"Unit Logic getVisibleUnits should exclude enemy units outside vision range","status":"passed","title":"should exclude enemy units outside vision range","duration":0.639969999999721,"failureMessages":[],"meta":{}}],"startTime":1751781303598,"endTime":1751781303623.64,"status":"passed","message":"","name":"/home/runner/workspace/shared/logic/unitLogic.test.ts"},{"assertionResults":[{"ancestorTitles":["Hex Coordinate Utilities","hexDistance"],"fullName":"Hex Coordinate Utilities hexDistance should calculate distance from origin correctly","status":"passed","title":"should calculate distance from origin correctly","duration":1.5848900000000867,"failureMessages":[],"meta":{}},{"ancestorTitles":["Hex Coordinate Utilities","hexDistance"],"fullName":"Hex Coordinate Utilities hexDistance should be symmetric","status":"passed","title":"should be symmetric","duration":0.3829299999997602,"failureMessages":[],"meta":{}},{"ancestorTitles":["Hex Coordinate Utilities","hexDistance"],"fullName":"Hex Coordinate Utilities hexDistance should handle negative coordinates","status":"passed","title":"should handle negative coordinates","duration":0.6081899999999223,"failureMessages":[],"meta":{}},{"ancestorTitles":["Hex Coordinate Utilities","hexNeighbors"],"fullName":"Hex Coordinate Utilities hexNeighbors should return 6 neighbors for origin","status":"passed","title":"should return 6 neighbors for origin","duration":1.030079999999998,"failureMessages":[],"meta":{}},{"ancestorTitles":["Hex Coordinate Utilities","hexNeighbors"],"fullName":"Hex Coordinate Utilities hexNeighbors should have all neighbors at distance 1","status":"passed","title":"should have all neighbors at distance 1","duration":0.4797800000001189,"failureMessages":[],"meta":{}},{"ancestorTitles":["Hex Coordinate Utilities","hexNeighbors"],"fullName":"Hex Coordinate Utilities hexNeighbors should maintain coordinate sum invariant","status":"passed","title":"should maintain coordinate sum invariant","duration":0.3145199999999022,"failureMessages":[],"meta":{}},{"ancestorTitles":["Hex Coordinate Utilities","hexAdd"],"fullName":"Hex Coordinate Utilities hexAdd should add coordinates correctly","status":"passed","title":"should add coordinates correctly","duration":0.8024399999999332,"failureMessages":[],"meta":{}},{"ancestorTitles":["Hex Coordinate Utilities","hexSubtract"],"fullName":"Hex Coordinate Utilities hexSubtract should subtract coordinates correctly","status":"passed","title":"should subtract coordinates correctly","duration":0.2246200000004137,"failureMessages":[],"meta":{}},{"ancestorTitles":["Hex Coordinate Utilities","isValidHexCoordinate"],"fullName":"Hex Coordinate Utilities isValidHexCoordinate should validate correct coordinates","status":"passed","title":"should validate correct coordinates","duration":0.28403000000025713,"failureMessages":[],"meta":{}},{"ancestorTitles":["Hex Coordinate Utilities","isValidHexCoordinate"],"fullName":"Hex Coordinate Utilities isValidHexCoordinate should reject invalid coordinates","status":"passed","title":"should reject invalid coordinates","duration":0.20386000000007698,"failureMessages":[],"meta":{}},{"ancestorTitles":["Hex Coordinate Utilities","hexRing"],"fullName":"Hex Coordinate Utilities hexRing should return correct number of hexes for radius 1","status":"passed","title":"should return correct number of hexes for radius 1","duration":0.34589999999980137,"failureMessages":[],"meta":{}},{"ancestorTitles":["Hex Coordinate Utilities","hexRing"],"fullName":"Hex Coordinate Utilities hexRing should return correct number of hexes for radius 2","status":"passed","title":"should return correct number of hexes for radius 2","duration":0.3636500000002343,"failureMessages":[],"meta":{}},{"ancestorTitles":["Hex Coordinate Utilities","hexRing"],"fullName":"Hex Coordinate Utilities hexRing should return empty array for radius 0","status":"passed","title":"should return empty array for radius 0","duration":0.2624000000000706,"failureMessages":[],"meta":{}},{"ancestorTitles":["Hex Coordinate Utilities","hexRing"],"fullName":"Hex Coordinate Utilities hexRing should have all hexes at correct distance","status":"passed","title":"should have all hexes at correct distance","duration":1.0554999999999382,"failureMessages":[],"meta":{}},{"ancestorTitles":["Hex Coordinate Utilities","Pixel conversion"],"fullName":"Hex Coordinate Utilities Pixel conversion should convert hex to pixel and back consistently","status":"passed","title":"should convert hex to pixel and back consistently","duration":0.6047200000002704,"failureMessages":[],"meta":{}},{"ancestorTitles":["Hex Coordinate Utilities","Pixel conversion"],"fullName":"Hex Coordinate Utilities Pixel conversion should place origin at pixel origin","status":"passed","title":"should place origin at pixel origin","duration":0.220730999999887,"failureMessages":[],"meta":{}}],"startTime":1751781307238,"endTime":1751781307248.2207,"status":"passed","message":"","name":"/home/runner/workspace/shared/utils/hexCoordinates.test.ts"},{"assertionResults":[{"ancestorTitles":["Line of Sight System","hexLine"],"fullName":"Line of Sight System hexLine should return a line between two adjacent hexes","status":"passed","title":"should return a line between two adjacent hexes","duration":3.4058799999997973,"failureMessages":[],"meta":{}},{"ancestorTitles":["Line of Sight System","hexLine"],"fullName":"Line of Sight System hexLine should return a line between distant hexes","status":"passed","title":"should return a line between distant hexes","duration":0.5287599999996928,"failureMessages":[],"meta":{}},{"ancestorTitles":["Line of Sight System","hexLine"],"fullName":"Line of Sight System hexLine should return single hex for same start and end","status":"passed","title":"should return single hex for same start and end","duration":1.7745500000000902,"failureMessages":[],"meta":{}},{"ancestorTitles":["Line of Sight System","hasLineOfSight"],"fullName":"Line of Sight System hasLineOfSight should have clear line of sight on plains","status":"passed","title":"should have clear line of sight on plains","duration":0.4614400000000387,"failureMessages":[],"meta":{}},{"ancestorTitles":["Line of Sight System","hasLineOfSight"],"fullName":"Line of Sight System hasLineOfSight should be blocked by mountains","status":"passed","title":"should be blocked by mountains","duration":0.276499000000058,"failureMessages":[],"meta":{}},{"ancestorTitles":["Line of Sight System","hasLineOfSight"],"fullName":"Line of Sight System hasLineOfSight should respect range limits","status":"passed","title":"should respect range limits","duration":0.23744000000033338,"failureMessages":[],"meta":{}},{"ancestorTitles":["Line of Sight System","hasLineOfSight"],"fullName":"Line of Sight System hasLineOfSight should allow line of sight to adjacent tiles","status":"passed","title":"should allow line of sight to adjacent tiles","duration":0.2498399999999492,"failureMessages":[],"meta":{}},{"ancestorTitles":["Line of Sight System","calculateVisibleTiles"],"fullName":"Line of Sight System calculateVisibleTiles should calculate visible tiles within range","status":"passed","title":"should calculate visible tiles within range","duration":0.418210000000272,"failureMessages":[],"meta":{}},{"ancestorTitles":["Line of Sight System","calculateVisibleTiles"],"fullName":"Line of Sight System calculateVisibleTiles should not include tiles blocked by mountains","status":"passed","title":"should not include tiles blocked by mountains","duration":0.43326999999999316,"failureMessages":[],"meta":{}},{"ancestorTitles":["Line of Sight System","calculateVisibleTiles"],"fullName":"Line of Sight System calculateVisibleTiles should include tiles within range that are not blocked","status":"passed","title":"should include tiles within range that are not blocked","duration":0.36146000000007916,"failureMessages":[],"meta":{}},{"ancestorTitles":["Line of Sight System","getVisibleTilesInRange"],"fullName":"Line of Sight System getVisibleTilesInRange should return visible tiles using shadow casting","status":"passed","title":"should return visible tiles using shadow casting","duration":0.7194800000002033,"failureMessages":[],"meta":{}},{"ancestorTitles":["Line of Sight System","getVisibleTilesInRange"],"fullName":"Line of Sight System getVisibleTilesInRange should return visible tiles using basic algorithm","status":"passed","title":"should return visible tiles using basic algorithm","duration":0.2379799999998795,"failureMessages":[],"meta":{}},{"ancestorTitles":["Line of Sight System","calculateFogOfWarState"],"fullName":"Line of Sight System calculateFogOfWarState should return visible state for currently visible tiles","status":"passed","title":"should return visible state for currently visible tiles","duration":0.34265000000004875,"failureMessages":[],"meta":{}},{"ancestorTitles":["Line of Sight System","calculateFogOfWarState"],"fullName":"Line of Sight System calculateFogOfWarState should return explored state for explored but not visible tiles","status":"passed","title":"should return explored state for explored but not visible tiles","duration":0.408940000000257,"failureMessages":[],"meta":{}},{"ancestorTitles":["Line of Sight System","calculateFogOfWarState"],"fullName":"Line of Sight System calculateFogOfWarState should return hidden state for unexplored tiles","status":"failed","title":"should return hidden state for unexplored tiles","duration":13.017628999999943,"failureMessages":["AssertionError: expected +0 to be 0.1 // Object.is equality\n    at /home/runner/workspace/shared/utils/lineOfSight.test.ts:207:40\n    at file:///home/runner/workspace/node_modules/@vitest/runner/dist/chunk-hooks.js:155:11\n    at file:///home/runner/workspace/node_modules/@vitest/runner/dist/chunk-hooks.js:752:26\n    at file:///home/runner/workspace/node_modules/@vitest/runner/dist/chunk-hooks.js:1897:20\n    at new Promise (<anonymous>)\n    at runWithTimeout (file:///home/runner/workspace/node_modules/@vitest/runner/dist/chunk-hooks.js:1863:10)\n    at runTest (file:///home/runner/workspace/node_modules/@vitest/runner/dist/chunk-hooks.js:1574:12)\n    at processTicksAndRejections (node:internal/process/task_queues:95:5)\n    at runSuite (file:///home/runner/workspace/node_modules/@vitest/runner/dist/chunk-hooks.js:1729:8)\n    at runSuite (file:///home/runner/workspace/node_modules/@vitest/runner/dist/chunk-hooks.js:1729:8)"],"meta":{}}],"startTime":1751781303794,"endTime":1751781303818.0176,"status":"failed","message":"","name":"/home/runner/workspace/shared/utils/lineOfSight.test.ts"}]}
